Enter value for TABLE_NAME: eba_stds_applications

   PK_ID    APEX_APP_ID ESA_CREATED                        ESA_CREATED_BY    ESA_UPDATED                        ESA_UPDATED_BY    
________ ______________ __________________________________ _________________ __________________________________ _________________ 
       1         700000 27-JAN-23 10.29.05.000000000 PM    AST               27-JAN-23 10.29.05.000000000 PM    AST               
       2         702000 27-JAN-23 10.29.05.000000000 PM    AST               27-JAN-23 10.29.05.000000000 PM    AST               
       3         710000 27-JAN-23 10.29.05.000000000 PM    AST               27-JAN-23 10.29.05.000000000 PM    AST               
       4         711000 27-JAN-23 10.29.05.000000000 PM    AST               27-JAN-23 10.29.05.000000000 PM    AST               
       5         712000 27-JAN-23 10.29.05.000000000 PM    AST               27-JAN-23 10.29.05.000000000 PM    AST               
       6         713000 27-JAN-23 10.29.05.000000000 PM    AST               27-JAN-23 10.29.05.000000000 PM    AST               
       7         714000 27-JAN-23 10.29.05.000000000 PM    AST               27-JAN-23 10.29.05.000000000 PM    AST               
       8         715000 27-JAN-23 10.29.05.000000000 PM    AST               27-JAN-23 10.29.05.000000000 PM    AST               
       9         716000 27-JAN-23 10.29.05.000000000 PM    AST               27-JAN-23 10.29.05.000000000 PM    AST               
      10         717000 27-JAN-23 10.29.05.000000000 PM    AST               27-JAN-23 10.29.05.000000000 PM    AST               
      11         717100 27-JAN-23 10.29.05.000000000 PM    AST               27-JAN-23 10.29.05.000000000 PM    AST               
      12         718000 27-JAN-23 10.29.05.000000000 PM    AST               27-JAN-23 10.29.05.000000000 PM    AST               
      13         720000 27-JAN-23 10.29.05.000000000 PM    AST               27-JAN-23 10.29.05.000000000 PM    AST               
      14         720100 27-JAN-23 10.29.05.000000000 PM    AST               27-JAN-23 10.29.05.000000000 PM    AST               
      15         720200 27-JAN-23 10.29.05.000000000 PM    AST               27-JAN-23 10.29.05.000000000 PM    AST               
      16         721000 27-JAN-23 10.29.05.000000000 PM    AST               27-JAN-23 10.29.05.000000000 PM    AST               
      17         730000 27-JAN-23 10.29.05.000000000 PM    AST               27-JAN-23 10.29.05.000000000 PM    AST               
      18         740000 27-JAN-23 10.29.05.000000000 PM    AST               27-JAN-23 10.29.05.000000000 PM    AST               
      19         750000 27-JAN-23 10.29.05.000000000 PM    AST               27-JAN-23 10.29.05.000000000 PM    AST               
      20         750100 27-JAN-23 10.29.05.000000000 PM    AST               27-JAN-23 10.29.05.000000000 PM    AST               
      21         750110 27-JAN-23 10.29.05.000000000 PM    AST               27-JAN-23 10.29.05.000000000 PM    AST               
      22         750120 27-JAN-23 10.29.05.000000000 PM    AST               27-JAN-23 10.29.05.000000000 PM    AST               
      23         750999 27-JAN-23 10.29.05.000000000 PM    AST               27-JAN-23 10.29.05.000000000 PM    AST               
      24         751000 27-JAN-23 10.29.05.000000000 PM    AST               27-JAN-23 10.29.05.000000000 PM    AST               
      25         760000 27-JAN-23 10.29.05.000000000 PM    AST               27-JAN-23 10.29.05.000000000 PM    AST               
      26         762000 27-JAN-23 10.29.05.000000000 PM    AST               27-JAN-23 10.29.05.000000000 PM    AST               
      27         763000 27-JAN-23 10.29.05.000000000 PM    AST               27-JAN-23 10.29.05.000000000 PM    AST               
      28         799000 27-JAN-23 10.29.05.000000000 PM    AST               27-JAN-23 10.29.05.000000000 PM    AST               
      29         799020 27-JAN-23 10.29.05.000000000 PM    AST               27-JAN-23 10.29.05.000000000 PM    AST               
      30         799030 27-JAN-23 10.29.05.000000000 PM    AST               27-JAN-23 10.29.05.000000000 PM    AST               
      31         799040 27-JAN-23 10.29.05.000000000 PM    AST               27-JAN-23 10.29.05.000000000 PM    AST               
      32         799100 27-JAN-23 10.29.05.000000000 PM    AST               27-JAN-23 10.29.05.000000000 PM    AST               
      33         799999 27-JAN-23 10.29.05.000000000 PM    AST               27-JAN-23 10.29.05.000000000 PM    AST               
      34       17000033 27-JAN-23 10.29.05.000000000 PM    AST               27-JAN-23 10.29.05.000000000 PM    AST               
